<?xml version="1.0" encoding="UTF-8"?>
<!-- Generated by org.testng.reporters.JUnitXMLReporter -->
<testsuite hostname="DESKTOP-F2QJ63E" ignored="0" name="Default test" tests="3" failures="0" timestamp="2020-08-15T03:27:40 EET" time="26.302" errors="0">
  <testcase name="userlogin" time="2.974" classname="Test.UserLoginTest"/>
  <testcase name="clickContinuebtn" time="12.734" classname="Test.UserLoginTest"/>
  <testcase name="selectvisa" time="1.88" classname="Test.UserLoginTest"/>
</testsuite> <!-- Default test -->
