<?xml version="1.0" encoding="UTF-8"?>
<!-- Generated by org.testng.reporters.JUnitXMLReporter -->
<testsuite hostname="DESKTOP-F2QJ63E" ignored="0" name="Test" tests="3" failures="1" timestamp="2020-08-15T03:14:18 EET" time="102.952" errors="0">
  <testcase name="userlogin" time="8.708" classname="Test.UserLoginTest"/>
  <testcase name="clickContinuebtn" time="6.663" classname="Test.UserLoginTest"/>
  <testcase name="selectvisa" time="0.132" classname="Test.UserLoginTest">
    <failure type="java.lang.NullPointerException">
      <![CDATA[java.lang.NullPointerException
at Test.UserLoginTest.selectvisa(UserLoginTest.java:45)
at java.util.ArrayList.forEach(ArrayList.java:1257)
... Removed 27 stack frames]]>
    </failure>
  </testcase> <!-- selectvisa -->
</testsuite> <!-- Test -->
