<?xml version="1.0" encoding="UTF-8"?>
<testng-results skipped="0" failed="0" ignored="0" total="1" passed="1">
  <reporter-output>
  </reporter-output>
  <suite name="Test.LoginPageTest" duration-ms="24138" started-at="2020-08-09T02:03:04 EET" finished-at="2020-08-09T02:03:28 EET">
    <groups>
    </groups>
    <test name="Command line test" duration-ms="24138" started-at="2020-08-09T02:03:04 EET" finished-at="2020-08-09T02:03:28 EET">
      <class name="Test.LoginPageTest">
        <test-method status="PASS" signature="checktest()[pri:0, instance:Test.LoginPageTest@31a5c39e]" name="checktest" duration-ms="23997" started-at="2020-08-09T02:03:04 EET" finished-at="2020-08-09T02:03:28 EET">
          <reporter-output>
          </reporter-output>
        </test-method> <!-- checktest -->
      </class> <!-- Test.LoginPageTest -->
    </test> <!-- Command line test -->
  </suite> <!-- Test.LoginPageTest -->
</testng-results>
