<?xml version="1.0" encoding="UTF-8"?>
<testng-results skipped="0" failed="0" ignored="0" total="1" passed="1">
  <reporter-output>
  </reporter-output>
  <suite name="Suite" duration-ms="22562" started-at="2020-08-12T02:38:39 EET" finished-at="2020-08-12T02:39:02 EET">
    <groups>
    </groups>
    <test name="Test" duration-ms="22562" started-at="2020-08-12T02:38:39 EET" finished-at="2020-08-12T02:39:02 EET">
      <class name="Test.LoginPageTest">
        <test-method status="PASS" signature="setup()[pri:0, instance:Test.LoginPageTest@1786dec2]" name="setup" is-config="true" duration-ms="16144" started-at="2020-08-12T02:38:39 EET" finished-at="2020-08-12T02:38:55 EET">
          <reporter-output>
          </reporter-output>
        </test-method> <!-- setup -->
        <test-method status="PASS" signature="checktest()[pri:0, instance:Test.LoginPageTest@1786dec2]" name="checktest" duration-ms="6123" started-at="2020-08-12T02:38:55 EET" finished-at="2020-08-12T02:39:02 EET">
          <reporter-output>
          </reporter-output>
        </test-method> <!-- checktest -->
      </class> <!-- Test.LoginPageTest -->
    </test> <!-- Test -->
  </suite> <!-- Suite -->
</testng-results>
