<?xml version="1.0" encoding="UTF-8"?>
<testng-results skipped="0" failed="0" ignored="0" total="1" passed="1">
  <reporter-output>
  </reporter-output>
  <suite name="Default suite" duration-ms="28837" started-at="2020-08-04T05:08:59 EET" finished-at="2020-08-04T05:09:28 EET">
    <groups>
    </groups>
    <test name="Default test" duration-ms="28837" started-at="2020-08-04T05:08:59 EET" finished-at="2020-08-04T05:09:28 EET">
      <class name="Test.LoginPageTest">
        <test-method status="PASS" signature="checktest()[pri:0, instance:Test.LoginPageTest@394e1a0f]" name="checktest" duration-ms="28745" started-at="2020-08-04T05:08:59 EET" finished-at="2020-08-04T05:09:28 EET">
          <reporter-output>
          </reporter-output>
        </test-method> <!-- checktest -->
      </class> <!-- Test.LoginPageTest -->
    </test> <!-- Default test -->
  </suite> <!-- Default suite -->
</testng-results>
